SCA
S.C.A
SCS
S.A
SA
S.A.
S. A.
S A
Ltd
LTD
Ltd.
LTD.
Branch
Group
Sarl
Sari
Sàrl
S.ar.l
L.P
Limited
LIMITED
LIMITED COMPANY
SOCIEDAD ANÓNIMA
SOCIEDAD ANONIMA
INC
INC.
Inc.
Inc
CORPORATION
Corporation
CORPORATIONS
Corporations
Corp
Corp.
corp.
CORP.
CORP
CO.
L.C.
LC
LLP
Llp
LLC
Llc
FOUNDATION
Foundation
INCORPORATED
COMPANY
REG
& CO.
& CO
& Co.
& Co
& ASOCIADOS
Y ASOCIADOS
GROUP
Group Limited
A.G.
AG
AG
INTERNATIONAL
International
(Holding)
Co., Ltd.
CO., LIMITED
LDA.
MANAGEMENT
Management
Legal Consultants